This file contains any messages produced by compilers while
running configure, to aid debugging if configure makes a mistake.

It was created by xapian-core configure 1.1.4, which was
generated by GNU Autoconf 2.65.  Invocation command line was

  $ ./configure CXXFLAGS=-DXAPIAN_DEBUG_LOG

## --------- ##
## Platform. ##
## --------- ##

hostname = billjeff
uname -m = i686
uname -r = 2.6.26-1-686
uname -s = Linux
uname -v = #1 SMP Fri Mar 13 18:08:45 UTC 2009

/usr/bin/uname -p = unknown
/bin/uname -X     = unknown

/bin/arch              = unknown
/usr/bin/arch -k       = unknown
/usr/convex/getsysinfo = unknown
/usr/bin/hostinfo      = unknown
/bin/machine           = unknown
/usr/bin/oslevel       = unknown
/bin/universe          = unknown

PATH: /usr/local/bin
PATH: /usr/bin
PATH: /bin
PATH: /usr/games


## ----------- ##
## Core tests. ##
## ----------- ##

configure:2875: checking for a BSD-compatible install
configure:2943: result: /usr/bin/install -c
configure:2954: checking whether build environment is sane
configure:3004: result: yes
configure:3145: checking for a thread-safe mkdir -p
configure:3184: result: /bin/mkdir -p
configure:3197: checking for gawk
configure:3227: result: no
configure:3197: checking for mawk
configure:3213: found /usr/bin/mawk
configure:3224: result: mawk
configure:3235: checking whether make sets $(MAKE)
configure:3257: result: yes
configure:3332: checking how to create a ustar tar archive
configure:3345: tar --version
tar (GNU tar) 1.20
Copyright (C) 2008 Free Software Foundation, Inc.
License GPLv3+: GNU GPL version 3 or later <http://gnu.org/licenses/gpl.html>
This is free software: you are free to change and redistribute it.
There is NO WARRANTY, to the extent permitted by law.

Written by John Gilmore and Jay Fenlason.
configure:3348: $? = 0
configure:3388: tardir=conftest.dir && eval tar --format=ustar -chf - "$tardir" >conftest.tar
configure:3391: $? = 0
configure:3395: tar -xf - <conftest.tar
configure:3398: $? = 0
configure:3411: result: gnutar
configure:3455: checking build system type
configure:3469: result: i686-pc-linux-gnu
configure:3489: checking host system type
configure:3502: result: i686-pc-linux-gnu
configure:3534: checking for style of include used by make
configure:3562: result: GNU
configure:3632: checking for gcc
configure:3648: found /usr/bin/gcc
configure:3659: result: gcc
configure:3888: checking for C compiler version
configure:3897: gcc --version >&5
gcc (Debian 4.3.2-1.1) 4.3.2
Copyright (C) 2008 Free Software Foundation, Inc.
This is free software; see the source for copying conditions.  There is NO
warranty; not even for MERCHANTABILITY or FITNESS FOR A PARTICULAR PURPOSE.

configure:3908: $? = 0
configure:3897: gcc -v >&5
Using built-in specs.
Target: i486-linux-gnu
Configured with: ../src/configure -v --with-pkgversion='Debian 4.3.2-1.1' --with-bugurl=file:///usr/share/doc/gcc-4.3/README.Bugs --enable-languages=c,c++,fortran,objc,obj-c++ --prefix=/usr --enable-shared --with-system-zlib --libexecdir=/usr/lib --without-included-gettext --enable-threads=posix --enable-nls --with-gxx-include-dir=/usr/include/c++/4.3 --program-suffix=-4.3 --enable-clocale=gnu --enable-libstdcxx-debug --enable-objc-gc --enable-mpfr --enable-targets=all --enable-cld --enable-checking=release --build=i486-linux-gnu --host=i486-linux-gnu --target=i486-linux-gnu
Thread model: posix
gcc version 4.3.2 (Debian 4.3.2-1.1) 
configure:3908: $? = 0
configure:3897: gcc -V >&5
gcc: '-V' option must have argument
configure:3908: $? = 1
configure:3897: gcc -qversion >&5
gcc: unrecognized option '-qversion'
gcc: no input files
configure:3908: $? = 1
configure:3928: checking whether the C compiler works
configure:3950: gcc    conftest.c  >&5
configure:3954: $? = 0
configure:4003: result: yes
configure:4006: checking for C compiler default output file name
configure:4008: result: a.out
configure:4014: checking for suffix of executables
configure:4021: gcc -o conftest    conftest.c  >&5
configure:4025: $? = 0
configure:4047: result: 
configure:4069: checking whether we are cross compiling
configure:4077: gcc -o conftest    conftest.c  >&5
configure:4081: $? = 0
configure:4088: ./conftest
configure:4092: $? = 0
configure:4107: result: no
configure:4112: checking for suffix of object files
configure:4134: gcc -c   conftest.c >&5
configure:4138: $? = 0
configure:4159: result: o
configure:4163: checking whether we are using the GNU C compiler
configure:4182: gcc -c   conftest.c >&5
configure:4182: $? = 0
configure:4191: result: yes
configure:4200: checking whether gcc accepts -g
configure:4220: gcc -c -g  conftest.c >&5
configure:4220: $? = 0
configure:4261: result: yes
configure:4278: checking for gcc option to accept ISO C89
configure:4342: gcc  -c -g -O2  conftest.c >&5
configure:4342: $? = 0
configure:4355: result: none needed
configure:4377: checking dependency style of gcc
configure:4487: result: gcc3
configure:4502: checking for a sed that does not truncate output
configure:4566: result: /bin/sed
configure:4584: checking for grep that handles long lines and -e
configure:4642: result: /bin/grep
configure:4647: checking for egrep
configure:4709: result: /bin/grep -E
configure:4714: checking for fgrep
configure:4776: result: /bin/grep -F
configure:4811: checking for ld used by gcc
configure:4878: result: /usr/bin/ld
configure:4885: checking if the linker (/usr/bin/ld) is GNU ld
configure:4900: result: yes
configure:4912: checking for BSD- or MS-compatible name lister (nm)
configure:4961: result: /usr/bin/nm -B
configure:5079: checking the name lister (/usr/bin/nm -B) interface
configure:5086: gcc -c -g -O2  conftest.c >&5
configure:5089: /usr/bin/nm -B "conftest.o"
configure:5092: output
00000000 B some_variable
configure:5099: result: BSD nm
configure:5102: checking whether ln -s works
configure:5106: result: yes
configure:5114: checking the maximum length of command line arguments
configure:5234: result: 98304
configure:5251: checking whether the shell understands some XSI constructs
configure:5261: result: yes
configure:5265: checking whether the shell understands "+="
configure:5271: result: yes
configure:5306: checking for /usr/bin/ld option to reload object files
configure:5313: result: -r
configure:5382: checking for objdump
configure:5398: found /usr/bin/objdump
configure:5409: result: objdump
configure:5441: checking how to recognize dependent libraries
configure:5637: result: pass_all
configure:5697: checking for ar
configure:5713: found /usr/bin/ar
configure:5724: result: ar
configure:5802: checking for strip
configure:5818: found /usr/bin/strip
configure:5829: result: strip
configure:5901: checking for ranlib
configure:5917: found /usr/bin/ranlib
configure:5928: result: ranlib
configure:6018: checking command to parse /usr/bin/nm -B output from gcc object
configure:6136: gcc -c -g -O2  conftest.c >&5
configure:6139: $? = 0
configure:6143: /usr/bin/nm -B conftest.o \| sed -n -e 's/^.*[	 ]\([ABCDGIRSTW][ABCDGIRSTW]*\)[	 ][	 ]*\([_A-Za-z][_A-Za-z0-9]*\)$/\1 \2 \2/p' \> conftest.nm
configure:6146: $? = 0
configure:6200: gcc -o conftest -g -O2   conftest.c conftstm.o >&5
configure:6203: $? = 0
configure:6241: result: ok
configure:7050: checking how to run the C preprocessor
configure:7081: gcc -E  conftest.c
configure:7081: $? = 0
configure:7095: gcc -E  conftest.c
conftest.c:11:28: error: ac_nonexistent.h: No such file or directory
configure:7095: $? = 1
configure: failed program was:
| /* confdefs.h */
| #define PACKAGE_NAME "xapian-core"
| #define PACKAGE_TARNAME "xapian-core"
| #define PACKAGE_VERSION "1.1.4"
| #define PACKAGE_STRING "xapian-core 1.1.4"
| #define PACKAGE_BUGREPORT "http://xapian.org/bugs"
| #define PACKAGE_URL ""
| #define PACKAGE "xapian-core"
| #define VERSION "1.1.4"
| /* end confdefs.h.  */
| #include <ac_nonexistent.h>
configure:7120: result: gcc -E
configure:7140: gcc -E  conftest.c
configure:7140: $? = 0
configure:7154: gcc -E  conftest.c
conftest.c:11:28: error: ac_nonexistent.h: No such file or directory
configure:7154: $? = 1
configure: failed program was:
| /* confdefs.h */
| #define PACKAGE_NAME "xapian-core"
| #define PACKAGE_TARNAME "xapian-core"
| #define PACKAGE_VERSION "1.1.4"
| #define PACKAGE_STRING "xapian-core 1.1.4"
| #define PACKAGE_BUGREPORT "http://xapian.org/bugs"
| #define PACKAGE_URL ""
| #define PACKAGE "xapian-core"
| #define VERSION "1.1.4"
| /* end confdefs.h.  */
| #include <ac_nonexistent.h>
configure:7183: checking for ANSI C header files
configure:7203: gcc -c -g -O2  conftest.c >&5
configure:7203: $? = 0
configure:7276: gcc -o conftest -g -O2   conftest.c  >&5
configure:7276: $? = 0
configure:7276: ./conftest
configure:7276: $? = 0
configure:7287: result: yes
configure:7300: checking for sys/types.h
configure:7300: gcc -c -g -O2  conftest.c >&5
configure:7300: $? = 0
configure:7300: result: yes
configure:7300: checking for sys/stat.h
configure:7300: gcc -c -g -O2  conftest.c >&5
configure:7300: $? = 0
configure:7300: result: yes
configure:7300: checking for stdlib.h
configure:7300: gcc -c -g -O2  conftest.c >&5
configure:7300: $? = 0
configure:7300: result: yes
configure:7300: checking for string.h
configure:7300: gcc -c -g -O2  conftest.c >&5
configure:7300: $? = 0
configure:7300: result: yes
configure:7300: checking for memory.h
configure:7300: gcc -c -g -O2  conftest.c >&5
configure:7300: $? = 0
configure:7300: result: yes
configure:7300: checking for strings.h
configure:7300: gcc -c -g -O2  conftest.c >&5
configure:7300: $? = 0
configure:7300: result: yes
configure:7300: checking for inttypes.h
configure:7300: gcc -c -g -O2  conftest.c >&5
configure:7300: $? = 0
configure:7300: result: yes
configure:7300: checking for stdint.h
configure:7300: gcc -c -g -O2  conftest.c >&5
configure:7300: $? = 0
configure:7300: result: yes
configure:7300: checking for unistd.h
configure:7300: gcc -c -g -O2  conftest.c >&5
configure:7300: $? = 0
configure:7300: result: yes
configure:7315: checking for dlfcn.h
configure:7315: gcc -c -g -O2  conftest.c >&5
configure:7315: $? = 0
configure:7315: result: yes
configure:7499: checking for objdir
configure:7514: result: .libs
configure:7810: checking if gcc supports -fno-rtti -fno-exceptions
configure:7828: gcc -c -g -O2  -fno-rtti -fno-exceptions conftest.c >&5
cc1: warning: command line option "-fno-rtti" is valid for C++/ObjC++ but not for C
configure:7832: $? = 0
configure:7845: result: no
configure:7865: checking for gcc option to produce PIC
configure:8137: result: -fPIC -DPIC
configure:8149: checking if gcc PIC flag -fPIC -DPIC works
configure:8167: gcc -c -g -O2  -fPIC -DPIC -DPIC conftest.c >&5
configure:8171: $? = 0
configure:8184: result: yes
configure:8208: checking if gcc static flag -static works
configure:8236: result: yes
configure:8251: checking if gcc supports -c -o file.o
configure:8272: gcc -c -g -O2  -o out/conftest2.o conftest.c >&5
configure:8276: $? = 0
configure:8298: result: yes
configure:8306: checking if gcc supports -c -o file.o
configure:8353: result: yes
configure:8386: checking whether the gcc linker (/usr/bin/ld) supports shared libraries
configure:9372: result: yes
configure:9409: checking whether -lc should be explicitly linked in
configure:9414: gcc -c -g -O2  conftest.c >&5
configure:9417: $? = 0
configure:9432: gcc -shared conftest.o  -v -Wl,-soname -Wl,conftest -o conftest 2\>\&1 \| /bin/grep  -lc  \>/dev/null 2\>\&1
configure:9435: $? = 0
configure:9447: result: no
configure:9611: checking dynamic linker characteristics
configure:10044: gcc -o conftest -g -O2   -Wl,-rpath -Wl,/foo conftest.c  >&5
configure:10044: $? = 0
configure:10262: result: GNU/Linux ld.so
configure:10364: checking how to hardcode library paths into programs
configure:10389: result: immediate
configure:10909: checking whether stripping libraries is possible
configure:10914: result: yes
configure:10949: checking if libtool supports shared libraries
configure:10951: result: yes
configure:10954: checking whether to build shared libraries
configure:10975: result: yes
configure:10978: checking whether to build static libraries
configure:10982: result: yes
configure:11039: checking whether to enable maintainer-specific portions of Makefiles
configure:11048: result: no
configure:11120: checking for g++
configure:11136: found /usr/bin/g++
configure:11147: result: g++
configure:11174: checking for C++ compiler version
configure:11183: g++ --version >&5
g++ (Debian 4.3.2-1.1) 4.3.2
Copyright (C) 2008 Free Software Foundation, Inc.
This is free software; see the source for copying conditions.  There is NO
warranty; not even for MERCHANTABILITY or FITNESS FOR A PARTICULAR PURPOSE.

configure:11194: $? = 0
configure:11183: g++ -v >&5
Using built-in specs.
Target: i486-linux-gnu
Configured with: ../src/configure -v --with-pkgversion='Debian 4.3.2-1.1' --with-bugurl=file:///usr/share/doc/gcc-4.3/README.Bugs --enable-languages=c,c++,fortran,objc,obj-c++ --prefix=/usr --enable-shared --with-system-zlib --libexecdir=/usr/lib --without-included-gettext --enable-threads=posix --enable-nls --with-gxx-include-dir=/usr/include/c++/4.3 --program-suffix=-4.3 --enable-clocale=gnu --enable-libstdcxx-debug --enable-objc-gc --enable-mpfr --enable-targets=all --enable-cld --enable-checking=release --build=i486-linux-gnu --host=i486-linux-gnu --target=i486-linux-gnu
Thread model: posix
gcc version 4.3.2 (Debian 4.3.2-1.1) 
configure:11194: $? = 0
configure:11183: g++ -V >&5
g++: '-V' option must have argument
configure:11194: $? = 1
configure:11183: g++ -qversion >&5
g++: unrecognized option '-qversion'
g++: no input files
configure:11194: $? = 1
configure:11198: checking whether we are using the GNU C++ compiler
configure:11217: g++ -c -DXAPIAN_DEBUG_LOG  conftest.cpp >&5
configure:11217: $? = 0
configure:11226: result: yes
configure:11235: checking whether g++ accepts -g
configure:11255: g++ -c -g  conftest.cpp >&5
configure:11255: $? = 0
configure:11296: result: yes
configure:11321: checking dependency style of g++
configure:11431: result: gcc3
configure:11559: checking for C++ compiler version
configure:11568: g++ --version >&5
g++ (Debian 4.3.2-1.1) 4.3.2
Copyright (C) 2008 Free Software Foundation, Inc.
This is free software; see the source for copying conditions.  There is NO
warranty; not even for MERCHANTABILITY or FITNESS FOR A PARTICULAR PURPOSE.

configure:11579: $? = 0
configure:11568: g++ -v >&5
Using built-in specs.
Target: i486-linux-gnu
Configured with: ../src/configure -v --with-pkgversion='Debian 4.3.2-1.1' --with-bugurl=file:///usr/share/doc/gcc-4.3/README.Bugs --enable-languages=c,c++,fortran,objc,obj-c++ --prefix=/usr --enable-shared --with-system-zlib --libexecdir=/usr/lib --without-included-gettext --enable-threads=posix --enable-nls --with-gxx-include-dir=/usr/include/c++/4.3 --program-suffix=-4.3 --enable-clocale=gnu --enable-libstdcxx-debug --enable-objc-gc --enable-mpfr --enable-targets=all --enable-cld --enable-checking=release --build=i486-linux-gnu --host=i486-linux-gnu --target=i486-linux-gnu
Thread model: posix
gcc version 4.3.2 (Debian 4.3.2-1.1) 
configure:11579: $? = 0
configure:11568: g++ -V >&5
g++: '-V' option must have argument
configure:11579: $? = 1
configure:11568: g++ -qversion >&5
g++: unrecognized option '-qversion'
g++: no input files
configure:11579: $? = 1
configure:11583: checking whether we are using the GNU C++ compiler
configure:11611: result: yes
configure:11620: checking whether g++ accepts -g
configure:11681: result: yes
configure:11706: checking dependency style of g++
configure:11816: result: gcc3
configure:11839: checking how to run the C++ preprocessor
configure:11866: g++ -E  conftest.cpp
configure:11866: $? = 0
configure:11880: g++ -E  conftest.cpp
conftest.cpp:23:28: error: ac_nonexistent.h: No such file or directory
configure:11880: $? = 1
configure: failed program was:
| /* confdefs.h */
| #define PACKAGE_NAME "xapian-core"
| #define PACKAGE_TARNAME "xapian-core"
| #define PACKAGE_VERSION "1.1.4"
| #define PACKAGE_STRING "xapian-core 1.1.4"
| #define PACKAGE_BUGREPORT "http://xapian.org/bugs"
| #define PACKAGE_URL ""
| #define PACKAGE "xapian-core"
| #define VERSION "1.1.4"
| #define STDC_HEADERS 1
| #define HAVE_SYS_TYPES_H 1
| #define HAVE_SYS_STAT_H 1
| #define HAVE_STDLIB_H 1
| #define HAVE_STRING_H 1
| #define HAVE_MEMORY_H 1
| #define HAVE_STRINGS_H 1
| #define HAVE_INTTYPES_H 1
| #define HAVE_STDINT_H 1
| #define HAVE_UNISTD_H 1
| #define HAVE_DLFCN_H 1
| #define LT_OBJDIR ".libs/"
| /* end confdefs.h.  */
| #include <ac_nonexistent.h>
configure:11905: result: g++ -E
configure:11925: g++ -E  conftest.cpp
configure:11925: $? = 0
configure:11939: g++ -E  conftest.cpp
conftest.cpp:23:28: error: ac_nonexistent.h: No such file or directory
configure:11939: $? = 1
configure: failed program was:
| /* confdefs.h */
| #define PACKAGE_NAME "xapian-core"
| #define PACKAGE_TARNAME "xapian-core"
| #define PACKAGE_VERSION "1.1.4"
| #define PACKAGE_STRING "xapian-core 1.1.4"
| #define PACKAGE_BUGREPORT "http://xapian.org/bugs"
| #define PACKAGE_URL ""
| #define PACKAGE "xapian-core"
| #define VERSION "1.1.4"
| #define STDC_HEADERS 1
| #define HAVE_SYS_TYPES_H 1
| #define HAVE_SYS_STAT_H 1
| #define HAVE_STDLIB_H 1
| #define HAVE_STRING_H 1
| #define HAVE_MEMORY_H 1
| #define HAVE_STRINGS_H 1
| #define HAVE_INTTYPES_H 1
| #define HAVE_STDINT_H 1
| #define HAVE_UNISTD_H 1
| #define HAVE_DLFCN_H 1
| #define LT_OBJDIR ".libs/"
| /* end confdefs.h.  */
| #include <ac_nonexistent.h>
configure:12107: checking for ld used by g++
configure:12174: result: /usr/bin/ld
configure:12181: checking if the linker (/usr/bin/ld) is GNU ld
configure:12196: result: yes
configure:12251: checking whether the g++ linker (/usr/bin/ld) supports shared libraries
configure:13164: result: yes
configure:13192: g++ -c -DXAPIAN_DEBUG_LOG  conftest.cpp >&5
configure:13195: $? = 0
configure:13377: checking for g++ option to produce PIC
configure:13694: result: -fPIC -DPIC
configure:13703: checking if g++ PIC flag -fPIC -DPIC works
configure:13721: g++ -c -DXAPIAN_DEBUG_LOG  -fPIC -DPIC -DPIC conftest.cpp >&5
configure:13725: $? = 0
configure:13738: result: yes
configure:13759: checking if g++ static flag -static works
configure:13787: result: yes
configure:13799: checking if g++ supports -c -o file.o
configure:13820: g++ -c -DXAPIAN_DEBUG_LOG  -o out/conftest2.o conftest.cpp >&5
configure:13824: $? = 0
configure:13846: result: yes
configure:13851: checking if g++ supports -c -o file.o
configure:13898: result: yes
configure:13928: checking whether the g++ linker (/usr/bin/ld) supports shared libraries
configure:13954: result: yes
configure:14091: checking dynamic linker characteristics
configure:14472: g++ -o conftest -DXAPIAN_DEBUG_LOG   -Wl,-rpath -Wl,/foo conftest.cpp  >&5
configure:14472: $? = 0
configure:14690: result: GNU/Linux ld.so
configure:14741: checking how to hardcode library paths into programs
configure:14766: result: immediate
/sbin/ldconfig: Can't stat /lib64: No such file or directory
/sbin/ldconfig: Can't stat /usr/lib64: No such file or directory
configure:14826: checking whether g++ is a working C++ compiler
configure:14856: g++ -o conftest -DXAPIAN_DEBUG_LOG   conftest.cpp  >&5
configure:14856: $? = 0
configure:14856: ./conftest
configure:14856: $? = 0
configure:14868: result: yes
configure:14945: checking for gcc
configure:14972: result: gcc
configure:15201: checking for C compiler version
configure:15210: gcc --version >&5
gcc (Debian 4.3.2-1.1) 4.3.2
Copyright (C) 2008 Free Software Foundation, Inc.
This is free software; see the source for copying conditions.  There is NO
warranty; not even for MERCHANTABILITY or FITNESS FOR A PARTICULAR PURPOSE.

configure:15221: $? = 0
configure:15210: gcc -v >&5
Using built-in specs.
Target: i486-linux-gnu
Configured with: ../src/configure -v --with-pkgversion='Debian 4.3.2-1.1' --with-bugurl=file:///usr/share/doc/gcc-4.3/README.Bugs --enable-languages=c,c++,fortran,objc,obj-c++ --prefix=/usr --enable-shared --with-system-zlib --libexecdir=/usr/lib --without-included-gettext --enable-threads=posix --enable-nls --with-gxx-include-dir=/usr/include/c++/4.3 --program-suffix=-4.3 --enable-clocale=gnu --enable-libstdcxx-debug --enable-objc-gc --enable-mpfr --enable-targets=all --enable-cld --enable-checking=release --build=i486-linux-gnu --host=i486-linux-gnu --target=i486-linux-gnu
Thread model: posix
gcc version 4.3.2 (Debian 4.3.2-1.1) 
configure:15221: $? = 0
configure:15210: gcc -V >&5
gcc: '-V' option must have argument
configure:15221: $? = 1
configure:15210: gcc -qversion >&5
gcc: unrecognized option '-qversion'
gcc: no input files
configure:15221: $? = 1
configure:15225: checking whether we are using the GNU C compiler
configure:15253: result: yes
configure:15262: checking whether gcc accepts -g
configure:15323: result: yes
configure:15340: checking for gcc option to accept ISO C89
configure:15417: result: none needed
configure:15439: checking dependency style of gcc
configure:15549: result: gcc3
configure:15619: checking for g++ options to enable ANSI C++ mode
configure:15622: result: none required
configure:15680: checking if -lm is required for maths functions
configure:15695: g++ -o conftest -DXAPIAN_DEBUG_LOG   conftest.cpp  >&5
configure:15695: $? = 0
configure:15696: result: no
configure:15728: checking if RTTI is supported
configure:15741: g++ -c -DXAPIAN_DEBUG_LOG  conftest.cpp >&5
configure:15741: $? = 0
configure:15742: result: yes
configure:15756: checking for gettimeofday
configure:15756: g++ -o conftest -DXAPIAN_DEBUG_LOG   conftest.cpp  >&5
configure:15756: $? = 0
configure:15756: result: yes
configure:15756: checking for ftime
configure:15756: g++ -o conftest -DXAPIAN_DEBUG_LOG   conftest.cpp  >&5
configure:15756: $? = 0
configure:15756: result: yes
configure:15770: checking for getrusage
configure:15770: g++ -o conftest -DXAPIAN_DEBUG_LOG   conftest.cpp  >&5
configure:15770: $? = 0
configure:15770: result: yes
configure:15770: checking for times
configure:15770: g++ -o conftest -DXAPIAN_DEBUG_LOG   conftest.cpp  >&5
configure:15770: $? = 0
configure:15770: result: yes
configure:15770: checking for sysconf
configure:15770: g++ -o conftest -DXAPIAN_DEBUG_LOG   conftest.cpp  >&5
configure:15770: $? = 0
configure:15770: result: yes
configure:15781: checking return type of ftime
configure:15795: g++ -c -DXAPIAN_DEBUG_LOG  conftest.cpp >&5
configure:15795: $? = 0
configure:15796: result: int
configure:15810: checking for sys/utsname.h
configure:15810: g++ -c -DXAPIAN_DEBUG_LOG  conftest.cpp >&5
configure:15810: $? = 0
configure:15810: result: yes
configure:15823: checking for gethostname
configure:15823: g++ -o conftest -DXAPIAN_DEBUG_LOG   conftest.cpp  >&5
configure:15823: $? = 0
configure:15823: result: yes
configure:15833: checking for ssize_t
configure:15833: g++ -c -DXAPIAN_DEBUG_LOG  conftest.cpp >&5
configure:15833: $? = 0
configure:15833: g++ -c -DXAPIAN_DEBUG_LOG  conftest.cpp >&5
conftest.cpp: In function 'int main()':
conftest.cpp:67: error: expected primary-expression before ')' token
configure:15833: $? = 1
configure: failed program was:
| /* confdefs.h */
| #define PACKAGE_NAME "xapian-core"
| #define PACKAGE_TARNAME "xapian-core"
| #define PACKAGE_VERSION "1.1.4"
| #define PACKAGE_STRING "xapian-core 1.1.4"
| #define PACKAGE_BUGREPORT "http://xapian.org/bugs"
| #define PACKAGE_URL ""
| #define PACKAGE "xapian-core"
| #define VERSION "1.1.4"
| #define STDC_HEADERS 1
| #define HAVE_SYS_TYPES_H 1
| #define HAVE_SYS_STAT_H 1
| #define HAVE_STDLIB_H 1
| #define HAVE_STRING_H 1
| #define HAVE_MEMORY_H 1
| #define HAVE_STRINGS_H 1
| #define HAVE_INTTYPES_H 1
| #define HAVE_STDINT_H 1
| #define HAVE_UNISTD_H 1
| #define HAVE_DLFCN_H 1
| #define LT_OBJDIR ".libs/"
| #define USE_RTTI 1
| #define HAVE_GETTIMEOFDAY 1
| #define HAVE_FTIME 1
| #define HAVE_GETRUSAGE 1
| #define HAVE_TIMES 1
| #define HAVE_SYSCONF 1
| #define HAVE_SYS_UTSNAME_H 1
| #define HAVE_GETHOSTNAME 1
| /* end confdefs.h.  */
| #include <stdio.h>
| #ifdef HAVE_SYS_TYPES_H
| # include <sys/types.h>
| #endif
| #ifdef HAVE_SYS_STAT_H
| # include <sys/stat.h>
| #endif
| #ifdef STDC_HEADERS
| # include <stdlib.h>
| # include <stddef.h>
| #else
| # ifdef HAVE_STDLIB_H
| #  include <stdlib.h>
| # endif
| #endif
| #ifdef HAVE_STRING_H
| # if !defined STDC_HEADERS && defined HAVE_MEMORY_H
| #  include <memory.h>
| # endif
| # include <string.h>
| #endif
| #ifdef HAVE_STRINGS_H
| # include <strings.h>
| #endif
| #ifdef HAVE_INTTYPES_H
| # include <inttypes.h>
| #endif
| #ifdef HAVE_STDINT_H
| # include <stdint.h>
| #endif
| #ifdef HAVE_UNISTD_H
| # include <unistd.h>
| #endif
| int
| main ()
| {
| if (sizeof ((ssize_t)))
| 	    return 0;
|   ;
|   return 0;
| }
configure:15833: result: yes
configure:15845: checking for pid_t
configure:15845: g++ -c -DXAPIAN_DEBUG_LOG  conftest.cpp >&5
configure:15845: $? = 0
configure:15845: g++ -c -DXAPIAN_DEBUG_LOG  conftest.cpp >&5
conftest.cpp: In function 'int main()':
conftest.cpp:67: error: expected primary-expression before ')' token
configure:15845: $? = 1
configure: failed program was:
| /* confdefs.h */
| #define PACKAGE_NAME "xapian-core"
| #define PACKAGE_TARNAME "xapian-core"
| #define PACKAGE_VERSION "1.1.4"
| #define PACKAGE_STRING "xapian-core 1.1.4"
| #define PACKAGE_BUGREPORT "http://xapian.org/bugs"
| #define PACKAGE_URL ""
| #define PACKAGE "xapian-core"
| #define VERSION "1.1.4"
| #define STDC_HEADERS 1
| #define HAVE_SYS_TYPES_H 1
| #define HAVE_SYS_STAT_H 1
| #define HAVE_STDLIB_H 1
| #define HAVE_STRING_H 1
| #define HAVE_MEMORY_H 1
| #define HAVE_STRINGS_H 1
| #define HAVE_INTTYPES_H 1
| #define HAVE_STDINT_H 1
| #define HAVE_UNISTD_H 1
| #define HAVE_DLFCN_H 1
| #define LT_OBJDIR ".libs/"
| #define USE_RTTI 1
| #define HAVE_GETTIMEOFDAY 1
| #define HAVE_FTIME 1
| #define HAVE_GETRUSAGE 1
| #define HAVE_TIMES 1
| #define HAVE_SYSCONF 1
| #define HAVE_SYS_UTSNAME_H 1
| #define HAVE_GETHOSTNAME 1
| /* end confdefs.h.  */
| #include <stdio.h>
| #ifdef HAVE_SYS_TYPES_H
| # include <sys/types.h>
| #endif
| #ifdef HAVE_SYS_STAT_H
| # include <sys/stat.h>
| #endif
| #ifdef STDC_HEADERS
| # include <stdlib.h>
| # include <stddef.h>
| #else
| # ifdef HAVE_STDLIB_H
| #  include <stdlib.h>
| # endif
| #endif
| #ifdef HAVE_STRING_H
| # if !defined STDC_HEADERS && defined HAVE_MEMORY_H
| #  include <memory.h>
| # endif
| # include <string.h>
| #endif
| #ifdef HAVE_STRINGS_H
| # include <strings.h>
| #endif
| #ifdef HAVE_INTTYPES_H
| # include <inttypes.h>
| #endif
| #ifdef HAVE_STDINT_H
| # include <stdint.h>
| #endif
| #ifdef HAVE_UNISTD_H
| # include <unistd.h>
| #endif
| int
| main ()
| {
| if (sizeof ((pid_t)))
| 	    return 0;
|   ;
|   return 0;
| }
configure:15845: result: yes
configure:15857: checking for mode_t
configure:15857: g++ -c -DXAPIAN_DEBUG_LOG  conftest.cpp >&5
configure:15857: $? = 0
configure:15857: g++ -c -DXAPIAN_DEBUG_LOG  conftest.cpp >&5
conftest.cpp: In function 'int main()':
conftest.cpp:67: error: expected primary-expression before ')' token
configure:15857: $? = 1
configure: failed program was:
| /* confdefs.h */
| #define PACKAGE_NAME "xapian-core"
| #define PACKAGE_TARNAME "xapian-core"
| #define PACKAGE_VERSION "1.1.4"
| #define PACKAGE_STRING "xapian-core 1.1.4"
| #define PACKAGE_BUGREPORT "http://xapian.org/bugs"
| #define PACKAGE_URL ""
| #define PACKAGE "xapian-core"
| #define VERSION "1.1.4"
| #define STDC_HEADERS 1
| #define HAVE_SYS_TYPES_H 1
| #define HAVE_SYS_STAT_H 1
| #define HAVE_STDLIB_H 1
| #define HAVE_STRING_H 1
| #define HAVE_MEMORY_H 1
| #define HAVE_STRINGS_H 1
| #define HAVE_INTTYPES_H 1
| #define HAVE_STDINT_H 1
| #define HAVE_UNISTD_H 1
| #define HAVE_DLFCN_H 1
| #define LT_OBJDIR ".libs/"
| #define USE_RTTI 1
| #define HAVE_GETTIMEOFDAY 1
| #define HAVE_FTIME 1
| #define HAVE_GETRUSAGE 1
| #define HAVE_TIMES 1
| #define HAVE_SYSCONF 1
| #define HAVE_SYS_UTSNAME_H 1
| #define HAVE_GETHOSTNAME 1
| /* end confdefs.h.  */
| #include <stdio.h>
| #ifdef HAVE_SYS_TYPES_H
| # include <sys/types.h>
| #endif
| #ifdef HAVE_SYS_STAT_H
| # include <sys/stat.h>
| #endif
| #ifdef STDC_HEADERS
| # include <stdlib.h>
| # include <stddef.h>
| #else
| # ifdef HAVE_STDLIB_H
| #  include <stdlib.h>
| # endif
| #endif
| #ifdef HAVE_STRING_H
| # if !defined STDC_HEADERS && defined HAVE_MEMORY_H
| #  include <memory.h>
| # endif
| # include <string.h>
| #endif
| #ifdef HAVE_STRINGS_H
| # include <strings.h>
| #endif
| #ifdef HAVE_INTTYPES_H
| # include <inttypes.h>
| #endif
| #ifdef HAVE_STDINT_H
| # include <stdint.h>
| #endif
| #ifdef HAVE_UNISTD_H
| # include <unistd.h>
| #endif
| int
| main ()
| {
| if (sizeof ((mode_t)))
| 	    return 0;
|   ;
|   return 0;
| }
configure:15857: result: yes
configure:15873: checking size of int
configure:15878: g++ -o conftest -DXAPIAN_DEBUG_LOG   conftest.cpp  >&5
configure:15878: $? = 0
configure:15878: ./conftest
configure:15878: $? = 0
configure:15893: result: 4
configure:15907: checking size of long
configure:15912: g++ -o conftest -DXAPIAN_DEBUG_LOG   conftest.cpp  >&5
configure:15912: $? = 0
configure:15912: ./conftest
configure:15912: $? = 0
configure:15927: result: 4
configure:15940: checking for perl
configure:15958: found /usr/bin/perl
configure:15970: result: /usr/bin/perl
configure:16278: checking for fcntl.h
configure:16278: g++ -c -DXAPIAN_DEBUG_LOG  conftest.cpp >&5
configure:16278: $? = 0
configure:16278: result: yes
configure:16278: checking for limits.h
configure:16278: g++ -c -DXAPIAN_DEBUG_LOG  conftest.cpp >&5
configure:16278: $? = 0
configure:16278: result: yes
configure:16278: checking for sys/errno.h
configure:16278: g++ -c -DXAPIAN_DEBUG_LOG  conftest.cpp >&5
configure:16278: $? = 0
configure:16278: result: yes
configure:16278: checking for sys/select.h
configure:16278: g++ -c -DXAPIAN_DEBUG_LOG  conftest.cpp >&5
configure:16278: $? = 0
configure:16278: result: yes
configure:16294: checking for valgrind
configure:16327: result: no
configure:16381: checking for working memcmp
configure:16424: g++ -o conftest -DXAPIAN_DEBUG_LOG   conftest.cpp  >&5
configure:16424: $? = 0
configure:16424: ./conftest
configure:16424: $? = 0
configure:16434: result: yes
configure:16446: checking for strerror
configure:16446: g++ -o conftest -DXAPIAN_DEBUG_LOG   conftest.cpp  >&5
configure:16446: $? = 0
configure:16446: result: yes
configure:16446: checking for hstrerror
configure:16446: g++ -o conftest -DXAPIAN_DEBUG_LOG   conftest.cpp  >&5
configure:16446: $? = 0
configure:16446: result: yes
configure:16457: checking for working ISO C90 conforming snprintf
configure:16491: g++ -o conftest -DXAPIAN_DEBUG_LOG   conftest.cpp  >&5
configure:16491: $? = 0
configure:16491: ./conftest
configure:16491: $? = 0
configure:16506: result: snprintf
configure:16621: checking for zlib.h
configure:16621: g++ -c -DXAPIAN_DEBUG_LOG  conftest.cpp >&5
configure:16621: $? = 0
configure:16621: result: yes
configure:16639: checking for library containing zlibVersion
configure:16670: g++ -o conftest -DXAPIAN_DEBUG_LOG   conftest.cpp  >&5
/tmp/cc65brcn.o: In function `main':
conftest.cpp:(.text+0x12): undefined reference to `zlibVersion'
collect2: ld returned 1 exit status
configure:16670: $? = 1
configure: failed program was:
| /* confdefs.h */
| #define PACKAGE_NAME "xapian-core"
| #define PACKAGE_TARNAME "xapian-core"
| #define PACKAGE_VERSION "1.1.4"
| #define PACKAGE_STRING "xapian-core 1.1.4"
| #define PACKAGE_BUGREPORT "http://xapian.org/bugs"
| #define PACKAGE_URL ""
| #define PACKAGE "xapian-core"
| #define VERSION "1.1.4"
| #define STDC_HEADERS 1
| #define HAVE_SYS_TYPES_H 1
| #define HAVE_SYS_STAT_H 1
| #define HAVE_STDLIB_H 1
| #define HAVE_STRING_H 1
| #define HAVE_MEMORY_H 1
| #define HAVE_STRINGS_H 1
| #define HAVE_INTTYPES_H 1
| #define HAVE_STDINT_H 1
| #define HAVE_UNISTD_H 1
| #define HAVE_DLFCN_H 1
| #define LT_OBJDIR ".libs/"
| #define USE_RTTI 1
| #define HAVE_GETTIMEOFDAY 1
| #define HAVE_FTIME 1
| #define HAVE_GETRUSAGE 1
| #define HAVE_TIMES 1
| #define HAVE_SYSCONF 1
| #define HAVE_SYS_UTSNAME_H 1
| #define HAVE_GETHOSTNAME 1
| #define SIZEOF_INT 4
| #define SIZEOF_LONG 4
| #define HAVE_FCNTL_H 1
| #define HAVE_LIMITS_H 1
| #define HAVE_SYS_ERRNO_H 1
| #define HAVE_SYS_SELECT_H 1
| #define HAVE_STRERROR 1
| #define HAVE_HSTRERROR 1
| #define SNPRINTF_ISO snprintf
| #define SNPRINTF snprintf
| #define HAVE_ZLIB_H 1
| /* end confdefs.h.  */
| 
| /* Override any GCC internal prototype to avoid an error.
|    Use char because int might match the return type of a GCC
|    builtin and then its argument prototype would still apply.  */
| #ifdef __cplusplus
| extern "C"
| #endif
| char zlibVersion ();
| int
| main ()
| {
| return zlibVersion ();
|   ;
|   return 0;
| }
configure:16670: g++ -o conftest -DXAPIAN_DEBUG_LOG   conftest.cpp -lz   >&5
configure:16670: $? = 0
configure:16687: result: -lz
configure:16707: checking for uuid/uuid.h
configure:16707: g++ -c -DXAPIAN_DEBUG_LOG  conftest.cpp >&5
configure:16707: $? = 0
configure:16707: result: yes
configure:16725: checking for library containing uuid_generate
configure:16756: g++ -o conftest -DXAPIAN_DEBUG_LOG   conftest.cpp  >&5
/tmp/ccoBjvRK.o: In function `main':
conftest.cpp:(.text+0x12): undefined reference to `uuid_generate'
collect2: ld returned 1 exit status
configure:16756: $? = 1
configure: failed program was:
| /* confdefs.h */
| #define PACKAGE_NAME "xapian-core"
| #define PACKAGE_TARNAME "xapian-core"
| #define PACKAGE_VERSION "1.1.4"
| #define PACKAGE_STRING "xapian-core 1.1.4"
| #define PACKAGE_BUGREPORT "http://xapian.org/bugs"
| #define PACKAGE_URL ""
| #define PACKAGE "xapian-core"
| #define VERSION "1.1.4"
| #define STDC_HEADERS 1
| #define HAVE_SYS_TYPES_H 1
| #define HAVE_SYS_STAT_H 1
| #define HAVE_STDLIB_H 1
| #define HAVE_STRING_H 1
| #define HAVE_MEMORY_H 1
| #define HAVE_STRINGS_H 1
| #define HAVE_INTTYPES_H 1
| #define HAVE_STDINT_H 1
| #define HAVE_UNISTD_H 1
| #define HAVE_DLFCN_H 1
| #define LT_OBJDIR ".libs/"
| #define USE_RTTI 1
| #define HAVE_GETTIMEOFDAY 1
| #define HAVE_FTIME 1
| #define HAVE_GETRUSAGE 1
| #define HAVE_TIMES 1
| #define HAVE_SYSCONF 1
| #define HAVE_SYS_UTSNAME_H 1
| #define HAVE_GETHOSTNAME 1
| #define SIZEOF_INT 4
| #define SIZEOF_LONG 4
| #define HAVE_FCNTL_H 1
| #define HAVE_LIMITS_H 1
| #define HAVE_SYS_ERRNO_H 1
| #define HAVE_SYS_SELECT_H 1
| #define HAVE_STRERROR 1
| #define HAVE_HSTRERROR 1
| #define SNPRINTF_ISO snprintf
| #define SNPRINTF snprintf
| #define HAVE_ZLIB_H 1
| #define HAVE_UUID_UUID_H 1
| /* end confdefs.h.  */
| 
| /* Override any GCC internal prototype to avoid an error.
|    Use char because int might match the return type of a GCC
|    builtin and then its argument prototype would still apply.  */
| #ifdef __cplusplus
| extern "C"
| #endif
| char uuid_generate ();
| int
| main ()
| {
| return uuid_generate ();
|   ;
|   return 0;
| }
configure:16756: g++ -o conftest -DXAPIAN_DEBUG_LOG   conftest.cpp -luuid   >&5
configure:16756: $? = 0
configure:16773: result: -luuid
configure:16807: g++ -o conftest -DXAPIAN_DEBUG_LOG   conftest.cpp -luuid  >&5
configure:16807: $? = 0
configure:16835: g++ -E  conftest.cpp
configure:16835: $? = 0
configure:16851: checking for fork
configure:16851: g++ -o conftest -DXAPIAN_DEBUG_LOG   conftest.cpp  >&5
configure:16851: $? = 0
configure:16851: result: yes
configure:16865: checking for library containing socketpair
configure:16896: g++ -o conftest -DXAPIAN_DEBUG_LOG   conftest.cpp  >&5
configure:16896: $? = 0
configure:16913: result: none required
configure:16927: checking for library containing gethostbyname
configure:16958: g++ -o conftest -DXAPIAN_DEBUG_LOG   conftest.cpp  >&5
configure:16958: $? = 0
configure:16975: result: none required
configure:16986: checking for library containing gethostbyaddr
configure:17017: g++ -o conftest -DXAPIAN_DEBUG_LOG   conftest.cpp  >&5
configure:17017: $? = 0
configure:17034: result: none required
configure:17056: checking for type to use for 5th parameter to getsockopt
configure:17084: g++ -c -DXAPIAN_DEBUG_LOG  conftest.cpp >&5
configure:17084: $? = 0
configure:17100: result: socklen_t
configure:17195: checking for library containing fdatasync
configure:17226: g++ -o conftest -DXAPIAN_DEBUG_LOG   conftest.cpp  >&5
configure:17226: $? = 0
configure:17243: result: none required
configure:17255: checking for fsync
configure:17255: g++ -o conftest -DXAPIAN_DEBUG_LOG   conftest.cpp  >&5
configure:17255: $? = 0
configure:17255: result: yes
configure:17277: checking for pread
configure:17277: g++ -o conftest -DXAPIAN_DEBUG_LOG   conftest.cpp  >&5
configure:17277: $? = 0
configure:17277: result: yes
configure:17282: checking for any prototype needed for pread
configure:17309: g++ -c -DXAPIAN_DEBUG_LOG  conftest.cpp >&5
configure:17309: $? = 0
configure:17326: result: none required
configure:17340: checking for pwrite
configure:17340: g++ -o conftest -DXAPIAN_DEBUG_LOG   conftest.cpp  >&5
configure:17340: $? = 0
configure:17340: result: yes
configure:17345: checking for any prototype needed for pwrite
configure:17372: g++ -c -DXAPIAN_DEBUG_LOG  conftest.cpp >&5
configure:17372: $? = 0
configure:17389: result: none required
configure:17408: checking for link
configure:17408: g++ -o conftest -DXAPIAN_DEBUG_LOG   conftest.cpp  >&5
configure:17408: $? = 0
configure:17408: result: yes
configure:17423: checking whether to use STLport
configure:17464: result: no
configure:17601: checking for g++ -Wl,-Bsymbolic-functions
/usr/lib/gcc/i486-linux-gnu/4.3.2/../../../../lib/crt1.o: In function `_start':
(.text+0x18): undefined reference to `main'
collect2: ld returned 1 exit status
configure:17618: result: yes
configure:17653: checking for special C compiler options needed for large files
configure:17698: result: no
configure:17704: checking for _FILE_OFFSET_BITS value needed for large files
configure:17729: g++ -c -DXAPIAN_DEBUG_LOG  conftest.cpp >&5
conftest.cpp:57: warning: left shift count >= width of type
conftest.cpp:57: warning: left shift count >= width of type
conftest.cpp:58: warning: left shift count >= width of type
conftest.cpp:58: warning: left shift count >= width of type
conftest.cpp:59: error: size of array 'off_t_is_large' is negative
configure:17729: $? = 1
configure: failed program was:
| /* confdefs.h */
| #define PACKAGE_NAME "xapian-core"
| #define PACKAGE_TARNAME "xapian-core"
| #define PACKAGE_VERSION "1.1.4"
| #define PACKAGE_STRING "xapian-core 1.1.4"
| #define PACKAGE_BUGREPORT "http://xapian.org/bugs"
| #define PACKAGE_URL ""
| #define PACKAGE "xapian-core"
| #define VERSION "1.1.4"
| #define STDC_HEADERS 1
| #define HAVE_SYS_TYPES_H 1
| #define HAVE_SYS_STAT_H 1
| #define HAVE_STDLIB_H 1
| #define HAVE_STRING_H 1
| #define HAVE_MEMORY_H 1
| #define HAVE_STRINGS_H 1
| #define HAVE_INTTYPES_H 1
| #define HAVE_STDINT_H 1
| #define HAVE_UNISTD_H 1
| #define HAVE_DLFCN_H 1
| #define LT_OBJDIR ".libs/"
| #define USE_RTTI 1
| #define HAVE_GETTIMEOFDAY 1
| #define HAVE_FTIME 1
| #define HAVE_GETRUSAGE 1
| #define HAVE_TIMES 1
| #define HAVE_SYSCONF 1
| #define HAVE_SYS_UTSNAME_H 1
| #define HAVE_GETHOSTNAME 1
| #define SIZEOF_INT 4
| #define SIZEOF_LONG 4
| #define HAVE_FCNTL_H 1
| #define HAVE_LIMITS_H 1
| #define HAVE_SYS_ERRNO_H 1
| #define HAVE_SYS_SELECT_H 1
| #define HAVE_STRERROR 1
| #define HAVE_HSTRERROR 1
| #define SNPRINTF_ISO snprintf
| #define SNPRINTF snprintf
| #define HAVE_ZLIB_H 1
| #define HAVE_UUID_UUID_H 1
| #define HAVE_UUID_UNPARSE_LOWER 1
| #define HAVE_FORK 1
| #define HAVE_SOCKETPAIR 1
| #define SOCKLEN_T socklen_t
| #define HAVE_FSYNC 1
| #define HAVE_PREAD 1
| #define HAVE_PWRITE 1
| #define HAVE_LINK 1
| /* end confdefs.h.  */
| #include <sys/types.h>
|  /* Check that off_t can represent 2**63 - 1 correctly.
|     We can't simply define LARGE_OFF_T to be 9223372036854775807,
|     since some C++ compilers masquerading as C compilers
|     incorrectly reject 9223372036854775807.  */
| #define LARGE_OFF_T (((off_t) 1 << 62) - 1 + ((off_t) 1 << 62))
|   int off_t_is_large[(LARGE_OFF_T % 2147483629 == 721
| 		       && LARGE_OFF_T % 2147483647 == 1)
| 		      ? 1 : -1];
| int
| main ()
| {
| 
|   ;
|   return 0;
| }
configure:17753: g++ -c -DXAPIAN_DEBUG_LOG  conftest.cpp >&5
configure:17753: $? = 0
configure:17761: result: 64
configure:18036: creating ./config.status

## ---------------------- ##
## Running config.status. ##
## ---------------------- ##

This file was extended by xapian-core config.status 1.1.4, which was
generated by GNU Autoconf 2.65.  Invocation command line was

  CONFIG_FILES    = 
  CONFIG_HEADERS  = 
  CONFIG_LINKS    = 
  CONFIG_COMMANDS = 
  $ ./config.status 

on billjeff

config.status:1209: creating Makefile
config.status:1209: creating tests/Makefile
config.status:1209: creating docs/Makefile
config.status:1209: creating docs/doxygen_api.conf
config.status:1209: creating docs/doxygen_source.conf
config.status:1209: creating xapian-core.spec
config.status:1209: creating tests/runtest
config.status:1209: creating tests/runsrv
config.status:1209: creating tests/submitperftest
config.status:1209: creating tests/perftest/get_machine_info
config.status:1209: creating xapian-config
config.status:1209: creating makemanpage
config.status:1209: creating docs/gen_codestructure_doc
config.status:1209: creating languages/generate-allsnowballheaders
config.status:1209: creating config.h
config.status:1429: executing depfiles commands
config.status:1429: executing libtool commands

## ---------------- ##
## Cache variables. ##
## ---------------- ##

ac_cv_build=i686-pc-linux-gnu
ac_cv_c_compiler_gnu=yes
ac_cv_cxx_compiler_gnu=yes
ac_cv_env_CCC_set=
ac_cv_env_CCC_value=
ac_cv_env_CC_FOR_BUILD_set=
ac_cv_env_CC_FOR_BUILD_value=
ac_cv_env_CC_set=
ac_cv_env_CC_value=
ac_cv_env_CFLAGS_set=
ac_cv_env_CFLAGS_value=
ac_cv_env_CPPFLAGS_set=
ac_cv_env_CPPFLAGS_value=
ac_cv_env_CPP_set=
ac_cv_env_CPP_value=
ac_cv_env_CXXCPP_set=
ac_cv_env_CXXCPP_value=
ac_cv_env_CXXFLAGS_set=set
ac_cv_env_CXXFLAGS_value=-DXAPIAN_DEBUG_LOG
ac_cv_env_CXX_set=
ac_cv_env_CXX_value=
ac_cv_env_LDFLAGS_set=
ac_cv_env_LDFLAGS_value=
ac_cv_env_LIBS_set=
ac_cv_env_LIBS_value=
ac_cv_env_build_alias_set=
ac_cv_env_build_alias_value=
ac_cv_env_host_alias_set=
ac_cv_env_host_alias_value=
ac_cv_env_target_alias_set=
ac_cv_env_target_alias_value=
ac_cv_func_fork=yes
ac_cv_func_fsync=yes
ac_cv_func_ftime=yes
ac_cv_func_gethostname=yes
ac_cv_func_getrusage=yes
ac_cv_func_gettimeofday=yes
ac_cv_func_hstrerror=yes
ac_cv_func_link=yes
ac_cv_func_memcmp_working=yes
ac_cv_func_pread=yes
ac_cv_func_pwrite=yes
ac_cv_func_snprintf=snprintf
ac_cv_func_snprintf_noniso=no
ac_cv_func_strerror=yes
ac_cv_func_sysconf=yes
ac_cv_func_times=yes
ac_cv_header_dlfcn_h=yes
ac_cv_header_fcntl_h=yes
ac_cv_header_inttypes_h=yes
ac_cv_header_limits_h=yes
ac_cv_header_memory_h=yes
ac_cv_header_stdc=yes
ac_cv_header_stdint_h=yes
ac_cv_header_stdlib_h=yes
ac_cv_header_string_h=yes
ac_cv_header_strings_h=yes
ac_cv_header_sys_errno_h=yes
ac_cv_header_sys_select_h=yes
ac_cv_header_sys_stat_h=yes
ac_cv_header_sys_types_h=yes
ac_cv_header_sys_utsname_h=yes
ac_cv_header_unistd_h=yes
ac_cv_header_uuid_uuid_h=yes
ac_cv_header_zlib_h=yes
ac_cv_host=i686-pc-linux-gnu
ac_cv_objext=o
ac_cv_path_EGREP='/bin/grep -E'
ac_cv_path_FGREP='/bin/grep -F'
ac_cv_path_GREP=/bin/grep
ac_cv_path_PERL=/usr/bin/perl
ac_cv_path_SED=/bin/sed
ac_cv_path_install='/usr/bin/install -c'
ac_cv_path_mkdir=/bin/mkdir
ac_cv_prog_AWK=mawk
ac_cv_prog_CPP='gcc -E'
ac_cv_prog_CXXCPP='g++ -E'
ac_cv_prog_ac_ct_AR=ar
ac_cv_prog_ac_ct_CC=gcc
ac_cv_prog_ac_ct_CXX=g++
ac_cv_prog_ac_ct_OBJDUMP=objdump
ac_cv_prog_ac_ct_RANLIB=ranlib
ac_cv_prog_ac_ct_STRIP=strip
ac_cv_prog_cc_c89=
ac_cv_prog_cc_g=yes
ac_cv_prog_cxx_g=yes
ac_cv_prog_make_make_set=yes
ac_cv_search_fdatasync='none required'
ac_cv_search_gethostbyaddr='none required'
ac_cv_search_gethostbyname='none required'
ac_cv_search_socketpair='none required'
ac_cv_search_uuid_generate=-luuid
ac_cv_search_zlibVersion=-lz
ac_cv_sizeof_int=4
ac_cv_sizeof_long=4
ac_cv_sys_file_offset_bits=64
ac_cv_sys_largefile_CC=no
ac_cv_type_mode_t=yes
ac_cv_type_pid_t=yes
ac_cv_type_ssize_t=yes
am_cv_CC_dependencies_compiler_type=gcc3
am_cv_CXX_dependencies_compiler_type=gcc3
am_cv_prog_tar_ustar=gnutar
lt_cv_deplibs_check_method=pass_all
lt_cv_file_magic_cmd='$MAGIC_CMD'
lt_cv_file_magic_test_file=
lt_cv_ld_reload_flag=-r
lt_cv_nm_interface='BSD nm'
lt_cv_objdir=.libs
lt_cv_path_LD=/usr/bin/ld
lt_cv_path_LDCXX=/usr/bin/ld
lt_cv_path_NM='/usr/bin/nm -B'
lt_cv_prog_compiler_c_o=yes
lt_cv_prog_compiler_c_o_CXX=yes
lt_cv_prog_compiler_pic_works=yes
lt_cv_prog_compiler_pic_works_CXX=yes
lt_cv_prog_compiler_rtti_exceptions=no
lt_cv_prog_compiler_static_works=yes
lt_cv_prog_compiler_static_works_CXX=yes
lt_cv_prog_gnu_ld=yes
lt_cv_prog_gnu_ldcxx=yes
lt_cv_sys_global_symbol_pipe='sed -n -e '\''s/^.*[	 ]\([ABCDGIRSTW][ABCDGIRSTW]*\)[	 ][	 ]*\([_A-Za-z][_A-Za-z0-9]*\)$/\1 \2 \2/p'\'''
lt_cv_sys_global_symbol_to_c_name_address='sed -n -e '\''s/^: \([^ ]*\) $/  {\"\1\", (void *) 0},/p'\'' -e '\''s/^[ABCDGIRSTW]* \([^ ]*\) \([^ ]*\)$/  {"\2", (void *) \&\2},/p'\'''
lt_cv_sys_global_symbol_to_c_name_address_lib_prefix='sed -n -e '\''s/^: \([^ ]*\) $/  {\"\1\", (void *) 0},/p'\'' -e '\''s/^[ABCDGIRSTW]* \([^ ]*\) \(lib[^ ]*\)$/  {"\2", (void *) \&\2},/p'\'' -e '\''s/^[ABCDGIRSTW]* \([^ ]*\) \([^ ]*\)$/  {"lib\2", (void *) \&\2},/p'\'''
lt_cv_sys_global_symbol_to_cdecl='sed -n -e '\''s/^T .* \(.*\)$/extern int \1();/p'\'' -e '\''s/^[ABCDGIRSTW]* .* \(.*\)$/extern char \1;/p'\'''
lt_cv_sys_max_cmd_len=98304
xo_cv_cxx_works=yes
xo_cv_pread_prototype=' '
xo_cv_pwrite_prototype=' '
xo_cv_socklen_t_equiv=socklen_t
xo_cv_symbolic_functions=yes

## ----------------- ##
## Output variables. ##
## ----------------- ##

ACLOCAL='${SHELL} /home/billjeff/CodeAnalysis/xapian-core-1.1.4/missing --run aclocal-1.11 '
AMDEPBACKSLASH='\'
AMDEP_FALSE='#'
AMDEP_TRUE=''
AMTAR='${SHELL} /home/billjeff/CodeAnalysis/xapian-core-1.1.4/missing --run tar'
AM_CXXFLAGS=' -Wall -W -Wredundant-decls -Wpointer-arith -Wcast-qual -Wcast-align -Wno-long-long -Wformat-security -fno-gnu-keywords -Wundef -Wshadow -Woverloaded-virtual -Wstrict-null-sentinel -Wshadow -Wstrict-overflow=1 -Winit-self -Wlogical-op -Wmissing-declarations -fvisibility=hidden'
ANSI_CXXFLAGS=''
AR='ar'
AUTOCONF='${SHELL} /home/billjeff/CodeAnalysis/xapian-core-1.1.4/missing --run autoconf'
AUTOHEADER='${SHELL} /home/billjeff/CodeAnalysis/xapian-core-1.1.4/missing --run autoheader'
AUTOM4TE='autom4te'
AUTOMAKE='${SHELL} /home/billjeff/CodeAnalysis/xapian-core-1.1.4/missing --run automake-1.11'
AWK='mawk'
BUILD_BACKEND_BRASS_FALSE='#'
BUILD_BACKEND_BRASS_TRUE=''
BUILD_BACKEND_CHERT_FALSE='#'
BUILD_BACKEND_CHERT_TRUE=''
BUILD_BACKEND_FLINT_FALSE='#'
BUILD_BACKEND_FLINT_TRUE=''
BUILD_BACKEND_INMEMORY_FALSE='#'
BUILD_BACKEND_INMEMORY_TRUE=''
BUILD_BACKEND_REMOTE_FALSE='#'
BUILD_BACKEND_REMOTE_TRUE=''
CC=''
CCDEPMODE='depmode=gcc3'
CC_FOR_BUILD='gcc'
CFLAGS='-g -O2'
CPP='gcc -E'
CPPFLAGS=''
CXX='g++'
CXXCPP='g++ -E'
CXXDEPMODE='depmode=gcc3'
CXXFLAGS='-DXAPIAN_DEBUG_LOG'
CYGPATH_W='echo'
DEFS='-DHAVE_CONFIG_H'
DEPDIR='.deps'
DOCUMENTATION_RULES_FALSE=''
DOCUMENTATION_RULES_TRUE='#'
DOT=''
DOXYGEN=''
DOXYGEN_DOT_PATH=''
DSYMUTIL=''
DUMPBIN=''
ECHO_C=''
ECHO_N='-n'
ECHO_T=''
EGREP='/bin/grep -E'
EXEEXT=''
FGREP='/bin/grep -F'
GREP='/bin/grep'
HELP2MAN=''
INSTALL_DATA='${INSTALL} -m 644'
INSTALL_PROGRAM='${INSTALL}'
INSTALL_SCRIPT='${INSTALL}'
INSTALL_STRIP_PROGRAM='$(install_sh) -c -s'
LD='/usr/bin/ld'
LDFLAGS=''
LIBOBJS=''
LIBRARY_VERSION_INFO='4:0:0'
LIBRARY_VERSION_SUFFIX='-1.1'
LIBS=''
LIBTOOL='$(SHELL) $(top_builddir)/libtool'
LIPO=''
LN_S='ln -s'
LTLIBOBJS=''
MAINT='#'
MAINTAINER_MODE_FALSE=''
MAINTAINER_MODE_TRUE='#'
MAINTAINER_NO_DOCS_FALSE=''
MAINTAINER_NO_DOCS_TRUE='#'
MAKEINDEX=''
MAKEINFO='${SHELL} /home/billjeff/CodeAnalysis/xapian-core-1.1.4/missing --run makeinfo'
MKDIR_P='/bin/mkdir -p'
NM='/usr/bin/nm -B'
NMEDIT=''
OBJDUMP='objdump'
OBJEXT='o'
OTOOL64=''
OTOOL=''
PACKAGE='xapian-core'
PACKAGE_BUGREPORT='http://xapian.org/bugs'
PACKAGE_NAME='xapian-core'
PACKAGE_STRING='xapian-core 1.1.4'
PACKAGE_TARNAME='xapian-core'
PACKAGE_URL=''
PACKAGE_VERSION='1.1.4'
PATH_SEPARATOR=':'
PERL='/usr/bin/perl'
PNGCRUSH=''
QUIET=''
RANLIB='ranlib'
RST2HTML=''
SED='/bin/sed'
SET_MAKE=''
SHELL='/bin/sh'
STLPORT_CXXFLAGS=''
STLPORT_INCLUDE=''
STLPORT_LIBS=''
STRIP='strip'
VALGRIND=''
VERSION='1.1.4'
VPATH_BUILD_FALSE=''
VPATH_BUILD_TRUE='#'
XAPIAN_LDFLAGS='  -lz  -luuid   -Bsymbolic-functions'
ac_ct_CC='gcc'
ac_ct_CXX='g++'
ac_ct_DUMPBIN=''
am__EXEEXT_FALSE=''
am__EXEEXT_TRUE='#'
am__fastdepCC_FALSE='#'
am__fastdepCC_TRUE=''
am__fastdepCXX_FALSE='#'
am__fastdepCXX_TRUE=''
am__include='include'
am__isrc=''
am__leading_dot='.'
am__quote=''
am__tar='tar --format=ustar -chf - "$$tardir"'
am__untar='tar -xf -'
bindir='${exec_prefix}/bin'
build='i686-pc-linux-gnu'
build_alias=''
build_cpu='i686'
build_os='linux-gnu'
build_vendor='pc'
datadir='${datarootdir}'
datarootdir='${prefix}/share'
docdir='${datarootdir}/doc/${PACKAGE_TARNAME}'
dvidir='${docdir}'
exec_prefix='${prefix}'
host='i686-pc-linux-gnu'
host_alias=''
host_cpu='i686'
host_os='linux-gnu'
host_vendor='pc'
htmldir='${docdir}'
incdir='${prefix}/include/xapian-1.1'
includedir='${prefix}/include'
infodir='${datarootdir}/info'
install_sh='${SHELL} /home/billjeff/CodeAnalysis/xapian-core-1.1.4/install-sh'
ldflags=''
libdir='${exec_prefix}/lib'
libexecdir='${exec_prefix}/libexec'
link_all_deplibs_CXX='no'
localedir='${datarootdir}/locale'
localstatedir='${prefix}/var'
lt_ECHO='echo'
mandir='${datarootdir}/man'
mkdir_p='/bin/mkdir -p'
oldincludedir='/usr/include'
pdfdir='${docdir}'
prefix='/usr/local'
program_transform_name='s&$$&-1.1&'
psdir='${docdir}'
sbindir='${exec_prefix}/sbin'
sharedstatedir='${prefix}/com'
sysconfdir='${prefix}/etc'
target_alias=''

## ----------- ##
## confdefs.h. ##
## ----------- ##

/* confdefs.h */
#define PACKAGE_NAME "xapian-core"
#define PACKAGE_TARNAME "xapian-core"
#define PACKAGE_VERSION "1.1.4"
#define PACKAGE_STRING "xapian-core 1.1.4"
#define PACKAGE_BUGREPORT "http://xapian.org/bugs"
#define PACKAGE_URL ""
#define PACKAGE "xapian-core"
#define VERSION "1.1.4"
#define STDC_HEADERS 1
#define HAVE_SYS_TYPES_H 1
#define HAVE_SYS_STAT_H 1
#define HAVE_STDLIB_H 1
#define HAVE_STRING_H 1
#define HAVE_MEMORY_H 1
#define HAVE_STRINGS_H 1
#define HAVE_INTTYPES_H 1
#define HAVE_STDINT_H 1
#define HAVE_UNISTD_H 1
#define HAVE_DLFCN_H 1
#define LT_OBJDIR ".libs/"
#define USE_RTTI 1
#define HAVE_GETTIMEOFDAY 1
#define HAVE_FTIME 1
#define HAVE_GETRUSAGE 1
#define HAVE_TIMES 1
#define HAVE_SYSCONF 1
#define HAVE_SYS_UTSNAME_H 1
#define HAVE_GETHOSTNAME 1
#define SIZEOF_INT 4
#define SIZEOF_LONG 4
#define HAVE_FCNTL_H 1
#define HAVE_LIMITS_H 1
#define HAVE_SYS_ERRNO_H 1
#define HAVE_SYS_SELECT_H 1
#define HAVE_STRERROR 1
#define HAVE_HSTRERROR 1
#define SNPRINTF_ISO snprintf
#define SNPRINTF snprintf
#define HAVE_ZLIB_H 1
#define HAVE_UUID_UUID_H 1
#define HAVE_UUID_UNPARSE_LOWER 1
#define HAVE_FORK 1
#define HAVE_SOCKETPAIR 1
#define SOCKLEN_T socklen_t
#define HAVE_FSYNC 1
#define HAVE_PREAD 1
#define HAVE_PWRITE 1
#define HAVE_LINK 1
#define _FILE_OFFSET_BITS 64

configure: exit 0
